<?xml version="1.0" encoding="UTF-8"?>
<!-- Generated by org.testng.reporters.JUnitReportReporter -->
<testsuite hostname="DESKTOP-MRK3TJ5" failures="0" tests="1" name="test.execution.SmokeTeatWithTestNG" time="2.346" errors="0" timestamp="2020-11-22T01:12:11 EST" skipped="0">
  <testcase classname="test.execution.SmokeTeatWithTestNG" name="getTest" time="2.346"/>
  <system-out/>
</testsuite> <!-- test.execution.SmokeTeatWithTestNG -->
