<?xml version="1.0" encoding="UTF-8"?>
<!-- Generated by org.testng.reporters.JUnitReportReporter -->
<testsuite hostname="DESKTOP-MRK3TJ5" failures="0" tests="1" name="test.execution.SmokeTeatWithTestNG" time="4.549" errors="0" timestamp="2020-11-30T20:34:03 EST" skipped="0">
  <testcase classname="test.execution.SmokeTeatWithTestNG" name="getTest" time="4.549"/>
  <system-out/>
</testsuite> <!-- test.execution.SmokeTeatWithTestNG -->
